[2026-03-01 21:14:08] [INFO] User 'mujuni.brian' logged in successfully
[2026-03-01 21:40:58] [INFO] User 'mujuni.brian' logged in successfully
[2026-03-01 21:49:53] [INFO] User 'mujuni.brian' logged in successfully
[2026-03-01 21:56:03] [INFO] User 'admin' logged in successfully
[2026-03-01 21:59:15] [INFO] User 'admin' logged in successfully
[2026-03-01 22:04:06] [INFO] User 'admin' logged in successfully
[2026-03-01 22:11:08] [INFO] User 'admin' logged in successfully
[2026-03-01 22:11:35] [INFO] User 'mujuni.brian' logged in successfully
[2026-03-01 22:25:54] [INFO] User 'mujuni.brian' logged in successfully
[2026-03-01 22:30:54] [INFO] User 'mujuni.brian' logged in successfully
[2026-03-01 22:35:02] [INFO] User 'admin' logged in successfully
[2026-03-01 22:35:29] [INFO] User 'mujuni.brian' logged in successfully
[2026-03-01 22:39:56] [INFO] User 'admin' logged in successfully
[2026-03-01 22:42:13] [INFO] User 'mujuni.brian' logged in successfully
[2026-03-01 22:44:00] [INFO] User 'admin' logged in successfully
[2026-03-01 22:48:03] [INFO] User 'kakuru.bright' logged in successfully
[2026-03-01 22:48:48] [INFO] User 'admin' logged in successfully
[2026-03-01 22:50:05] [INFO] User 'kakuru.bright' logged in successfully
[2026-03-01 23:00:44] [INFO] User 'admin' logged in successfully
[2026-03-01 23:02:48] [INFO] User 'mujuni.brian' logged in successfully
[2026-03-01 23:04:27] [INFO] User 'kakuru.bright' logged in successfully
[2026-03-01 23:08:20] [INFO] User 'admin' logged in successfully
[2026-03-01 23:11:41] [INFO] User 'kakuru.bright' logged in successfully
[2026-03-01 23:16:12] [INFO] User 'mujuni.brian' logged in successfully
[2026-03-01 23:17:16] [INFO] User 'kakuru.bright' logged in successfully
[2026-03-01 23:30:38] [INFO] User 'mujuni.brian' logged in successfully
[2026-03-01 23:37:44] [INFO] User 'mujuni.brian' logged in successfully
[2026-03-01 23:42:49] [INFO] User 'mujuni.brian' logged in successfully
[2026-03-01 23:56:02] [INFO] User 'admin' logged in successfully
[2026-03-01 23:57:03] [INFO] User 'kakuru.bright' logged in successfully
[2026-03-01 23:58:09] [INFO] User 'admin' logged in successfully
[2026-03-02 00:07:35] [INFO] User 'mujuni.brian' logged in successfully
[2026-03-02 00:09:24] [INFO] User 'admin' logged in successfully
[2026-03-02 00:10:51] [INFO] User 'mujuni.brian' logged in successfully
[2026-03-02 00:13:05] [INFO] User 'admin' logged in successfully
[2026-03-02 00:14:52] [INFO] User 'mujuni.brian' logged in successfully
[2026-03-02 00:15:45] [INFO] User 'kakuru.bright' logged in successfully
[2026-03-02 00:17:38] [INFO] User 'admin' logged in successfully
[2026-03-02 00:18:52] [INFO] User 'admin' logged in successfully
[2026-03-02 00:19:36] [INFO] User 'kakuru.bright' logged in successfully
[2026-03-02 00:21:01] [INFO] User 'admin' logged in successfully
[2026-03-02 00:21:53] [INFO] User 'mujuni.brian' logged in successfully
[2026-03-02 00:24:07] [INFO] User 'admin' logged in successfully
[2026-03-02 00:25:16] [INFO] User 'mujuni.brian' logged in successfully
[2026-03-02 00:28:02] [INFO] User 'admin' logged in successfully
[2026-03-02 00:32:57] [INFO] User 'admin' logged in successfully
[2026-03-02 00:42:03] [INFO] User 'admin' logged in successfully
[2026-03-02 00:56:30] [INFO] User 'admin' logged in successfully
[2026-03-02 07:08:07] [INFO] User 'tindimwebwa.alfred' logged in successfully
[2026-03-02 07:10:14] [INFO] User 'admin' logged in successfully
[2026-03-02 07:12:20] [INFO] User 'admin' logged in successfully
[2026-03-02 07:13:15] [INFO] User 'admin' logged in successfully
[2026-03-02 07:15:23] [INFO] User 'admin' logged in successfully
[2026-03-02 14:22:39] [INFO] User 'admin' logged in successfully
[2026-03-03 11:14:48] [INFO] User 'admin' logged in successfully
[2026-03-03 12:15:22] [INFO] User 'admin' logged in successfully
[2026-03-03 12:20:29] [INFO] User 'admin' logged in successfully
[2026-03-03 12:26:36] [INFO] User 'admin' logged in successfully
[2026-03-03 13:25:08] [INFO] User 'admin' logged in successfully
[2026-03-03 13:32:01] [INFO] User 'admin' logged in successfully
[2026-03-03 13:46:54] [INFO] User 'admin' logged in successfully
[2026-03-03 13:51:52] [INFO] User 'admin' logged in successfully
[2026-03-03 14:21:37] [INFO] User 'demo' logged in successfully
[2026-03-03 14:34:08] [INFO] User 'admin' logged in successfully
[2026-03-03 14:52:28] [INFO] User 'mujuni.brian' logged in successfully
[2026-03-03 14:52:58] [INFO] User 'admin' logged in successfully
[2026-03-03 15:31:02] [INFO] User 'admin' logged in successfully
[2026-03-03 15:45:12] [INFO] User 'admin' logged in successfully
[2026-03-03 15:48:36] [INFO] User 'admin' logged in successfully
[2026-03-03 15:50:43] [INFO] User 'akankwasa.rogers' logged in successfully
[2026-03-03 16:08:18] [INFO] User 'mujuni.brian' logged in successfully
[2026-03-03 16:11:21] [INFO] User 'ariganyira.alison' logged in successfully
[2026-03-03 16:24:15] [INFO] User 'mujuni.brian' logged in successfully
[2026-03-03 16:26:35] [INFO] User 'admin' logged in successfully
[2026-03-03 17:08:11] [INFO] User 'admin' logged in successfully
[2026-03-03 17:10:59] [INFO] User 'mujuni.brian' logged in successfully
[2026-03-03 17:13:39] [INFO] User 'mujuni.brian' logged in successfully
[2026-03-03 17:15:46] [INFO] User 'akankwasa.rogers' logged in successfully
[2026-03-03 17:21:25] [INFO] User 'mujuni.brian' logged in successfully
[2026-03-03 17:24:38] [INFO] User 'tindimwebwa.alfred' logged in successfully
[2026-03-03 17:25:33] [INFO] User 'admin' logged in successfully
[2026-03-03 17:29:19] [INFO] User 'admin' logged in successfully
[2026-03-03 17:35:29] [INFO] User 'admin' logged in successfully
[2026-03-03 17:45:59] [INFO] User 'admin' logged in successfully
[2026-03-03 17:59:43] [INFO] User 'mujuni.brian' logged in successfully
[2026-03-03 18:10:50] [INFO] User 'admin' logged in successfully
[2026-03-03 18:21:51] [INFO] User 'admin' logged in successfully
[2026-03-03 18:34:28] [INFO] User 'mujuni.brian' logged in successfully
